::1 - - [11/Jul/2016:19:52:08 +0000] "GET /login HTTP/1.1" 304 -
::1 - - [11/Jul/2016:19:52:13 +0000] "POST /login HTTP/1.1" 302 90
::1 - - [11/Jul/2016:19:52:14 +0000] "GET /loginSuccessAdmin HTTP/1.1" 304 -
::1 - - [11/Jul/2016:20:18:07 +0000] "GET /login HTTP/1.1" 200 1079
::1 - - [11/Jul/2016:20:18:07 +0000] "GET /favicon.ico HTTP/1.1" 404 24
::1 - - [11/Jul/2016:20:18:11 +0000] "POST /login HTTP/1.1" 302 90
::1 - - [11/Jul/2016:20:18:11 +0000] "GET /loginSuccessAdmin HTTP/1.1" 304 -
::1 - - [11/Jul/2016:20:18:31 +0000] "GET / HTTP/1.1" 404 13
::1 - - [11/Jul/2016:20:18:31 +0000] "GET /favicon.ico HTTP/1.1" 404 24
::1 - - [11/Jul/2016:20:18:32 +0000] "GET /favicon.ico HTTP/1.1" 404 24
::1 - - [11/Jul/2016:20:18:37 +0000] "GET /login HTTP/1.1" 200 1079
::1 - - [11/Jul/2016:20:18:41 +0000] "POST /login HTTP/1.1" 302 90
::1 - - [11/Jul/2016:20:18:41 +0000] "GET /loginSuccessUsers HTTP/1.1" 200 2586
::1 - - [11/Jul/2016:20:22:53 +0000] "GET /login HTTP/1.1" 200 1079
::1 - - [11/Jul/2016:20:22:59 +0000] "POST /login HTTP/1.1" 302 90
::1 - - [11/Jul/2016:20:22:59 +0000] "GET /loginSuccessAdmin HTTP/1.1" 304 -
::1 - - [11/Jul/2016:20:23:19 +0000] "GET /logout HTTP/1.1" 302 66
::1 - - [11/Jul/2016:20:23:19 +0000] "GET /login HTTP/1.1" 200 1079
::1 - - [11/Jul/2016:20:23:23 +0000] "POST /login HTTP/1.1" 302 90
::1 - - [11/Jul/2016:20:23:23 +0000] "GET /loginSuccessAdmin HTTP/1.1" 304 -
::1 - - [11/Jul/2016:20:23:30 +0000] "GET /logout HTTP/1.1" 302 66
::1 - - [11/Jul/2016:20:23:30 +0000] "GET /login HTTP/1.1" 200 1079
::1 - - [11/Jul/2016:20:23:36 +0000] "POST /login HTTP/1.1" 302 90
::1 - - [11/Jul/2016:20:23:36 +0000] "GET /loginSuccessUsers HTTP/1.1" 200 2586
::1 - - [11/Jul/2016:20:33:51 +0000] "GET /login HTTP/1.1" 200 1079
::1 - - [11/Jul/2016:20:33:56 +0000] "POST /login HTTP/1.1" 302 90
::1 - - [11/Jul/2016:20:33:56 +0000] "GET /loginSuccessAdmin HTTP/1.1" 304 -
::1 - - [11/Jul/2016:20:34:56 +0000] "GET /login HTTP/1.1" 200 1079
::1 - - [11/Jul/2016:20:35:02 +0000] "POST /login HTTP/1.1" 302 90
::1 - - [11/Jul/2016:20:35:02 +0000] "GET /loginSuccessAdmin HTTP/1.1" 304 -
::1 - - [11/Jul/2016:20:36:03 +0000] "GET /login HTTP/1.1" 200 1079
::1 - - [11/Jul/2016:20:36:10 +0000] "POST /login HTTP/1.1" 302 90
::1 - - [11/Jul/2016:20:36:10 +0000] "GET /loginSuccessAdmin HTTP/1.1" 304 -
::1 - - [11/Jul/2016:20:37:20 +0000] "GET /login HTTP/1.1" 200 1079
::1 - - [11/Jul/2016:20:37:24 +0000] "POST /login HTTP/1.1" 302 90
::1 - - [11/Jul/2016:20:37:25 +0000] "GET /loginSuccessAdmin HTTP/1.1" 304 -
::1 - - [11/Jul/2016:20:38:30 +0000] "GET /login HTTP/1.1" 200 1079
::1 - - [11/Jul/2016:20:38:34 +0000] "POST /login HTTP/1.1" 302 90
::1 - - [11/Jul/2016:20:38:34 +0000] "GET /loginSuccessAdmin HTTP/1.1" 200 1650
::1 - - [11/Jul/2016:20:38:36 +0000] "GET /users HTTP/1.1" 404 18
::1 - - [11/Jul/2016:20:40:01 +0000] "GET /login HTTP/1.1" 200 1079
::1 - - [11/Jul/2016:20:40:10 +0000] "POST /login HTTP/1.1" 302 90
::1 - - [11/Jul/2016:20:40:10 +0000] "GET /loginSuccessAdmin HTTP/1.1" 304 -
::1 - - [11/Jul/2016:20:40:16 +0000] "GET /users HTTP/1.1" 404 18
::1 - - [11/Jul/2016:20:40:44 +0000] "GET /login HTTP/1.1" 200 1079
::1 - - [11/Jul/2016:20:40:49 +0000] "POST /login HTTP/1.1" 302 90
::1 - - [11/Jul/2016:20:40:49 +0000] "GET /loginSuccessAdmin HTTP/1.1" 304 -
::1 - - [11/Jul/2016:20:40:51 +0000] "GET /users HTTP/1.1" 404 18
::1 - - [11/Jul/2016:20:42:19 +0000] "GET /login HTTP/1.1" 200 1079
::1 - - [11/Jul/2016:20:42:23 +0000] "POST /login HTTP/1.1" 302 90
::1 - - [11/Jul/2016:20:42:23 +0000] "GET /loginSuccessAdmin HTTP/1.1" 304 -
::1 - - [11/Jul/2016:20:42:26 +0000] "GET /users HTTP/1.1" 404 18
::1 - - [11/Jul/2016:20:58:54 +0000] "GET /login HTTP/1.1" 200 1079
::1 - - [11/Jul/2016:20:58:59 +0000] "POST /login HTTP/1.1" 302 90
::1 - - [11/Jul/2016:20:58:59 +0000] "GET /loginSuccessAdmin HTTP/1.1" 304 -
::1 - - [11/Jul/2016:21:04:12 +0000] "GET /login HTTP/1.1" 200 1079
::1 - - [11/Jul/2016:21:04:18 +0000] "POST /login HTTP/1.1" 302 90
::1 - - [11/Jul/2016:21:04:18 +0000] "GET /loginSuccessAdmin HTTP/1.1" 304 -
::1 - - [11/Jul/2016:21:04:52 +0000] "GET /login HTTP/1.1" 200 1079
::1 - - [11/Jul/2016:21:04:58 +0000] "POST /login HTTP/1.1" 302 90
::1 - - [11/Jul/2016:21:04:58 +0000] "GET /loginSuccessAdmin HTTP/1.1" 304 -
::1 - - [11/Jul/2016:21:06:21 +0000] "GET /login HTTP/1.1" 200 1079
::1 - - [11/Jul/2016:21:06:24 +0000] "POST /login HTTP/1.1" 302 90
::1 - - [11/Jul/2016:21:06:24 +0000] "GET /loginSuccessAdmin HTTP/1.1" 304 -
::1 - - [11/Jul/2016:21:08:53 +0000] "GET /login HTTP/1.1" 200 1079
::1 - - [11/Jul/2016:21:08:58 +0000] "POST /login HTTP/1.1" 302 90
::1 - - [11/Jul/2016:21:08:58 +0000] "GET /loginSuccessAdmin HTTP/1.1" 304 -
::1 - - [11/Jul/2016:21:09:57 +0000] "GET /login HTTP/1.1" 200 1079
::1 - - [11/Jul/2016:21:10:01 +0000] "POST /login HTTP/1.1" 302 90
::1 - - [11/Jul/2016:21:10:01 +0000] "GET /loginSuccessAdmin HTTP/1.1" 304 -
::1 - - [11/Jul/2016:21:11:56 +0000] "GET /login/ HTTP/1.1" 200 1079
::1 - - [11/Jul/2016:21:12:01 +0000] "POST /login HTTP/1.1" 302 90
::1 - - [11/Jul/2016:21:12:01 +0000] "GET /loginSuccessAdmin HTTP/1.1" 304 -
::1 - - [11/Jul/2016:21:12:16 +0000] "GET /login HTTP/1.1" 200 1079
::1 - - [11/Jul/2016:21:12:22 +0000] "POST /login HTTP/1.1" 302 90
::1 - - [11/Jul/2016:21:12:22 +0000] "GET /loginSuccessAdmin HTTP/1.1" 304 -
::1 - - [11/Jul/2016:21:15:14 +0000] "GET /login HTTP/1.1" 200 1079
::1 - - [11/Jul/2016:21:15:18 +0000] "POST /login HTTP/1.1" 302 90
::1 - - [11/Jul/2016:21:15:18 +0000] "GET /loginSuccessAdmin HTTP/1.1" 304 -
::1 - - [11/Jul/2016:21:16:25 +0000] "GET /login HTTP/1.1" 200 1079
::1 - - [11/Jul/2016:21:16:29 +0000] "POST /login HTTP/1.1" 302 90
::1 - - [11/Jul/2016:21:16:29 +0000] "GET /loginSuccessAdmin HTTP/1.1" 304 -
::1 - - [11/Jul/2016:21:18:59 +0000] "GET /login HTTP/1.1" 200 1079
::1 - - [11/Jul/2016:21:19:02 +0000] "POST /login HTTP/1.1" 302 90
::1 - - [11/Jul/2016:21:19:02 +0000] "GET /loginSuccessAdmin HTTP/1.1" 304 -
::1 - - [11/Jul/2016:21:21:15 +0000] "GET /login HTTP/1.1" 200 1079
::1 - - [11/Jul/2016:21:21:21 +0000] "POST /login HTTP/1.1" 302 82
::1 - - [11/Jul/2016:21:21:21 +0000] "GET /loginFailure HTTP/1.1" 200 630
::1 - - [11/Jul/2016:21:21:35 +0000] "GET /login HTTP/1.1" 200 1079
::1 - - [11/Jul/2016:21:21:39 +0000] "POST /login HTTP/1.1" 302 90
::1 - - [11/Jul/2016:21:21:39 +0000] "GET /loginSuccessAdmin HTTP/1.1" 304 -
::1 - - [11/Jul/2016:21:23:05 +0000] "GET /login HTTP/1.1" 200 1079
::1 - - [11/Jul/2016:21:23:08 +0000] "POST /login HTTP/1.1" 302 90
::1 - - [11/Jul/2016:21:23:08 +0000] "GET /loginSuccessAdmin HTTP/1.1" 304 -
::1 - - [11/Jul/2016:21:23:27 +0000] "GET /login HTTP/1.1" 200 1079
::1 - - [11/Jul/2016:21:23:32 +0000] "POST /login HTTP/1.1" 302 90
::1 - - [11/Jul/2016:21:23:32 +0000] "GET /loginSuccessAdmin HTTP/1.1" 304 -
::1 - - [11/Jul/2016:21:24:15 +0000] "GET /login HTTP/1.1" 200 1079
::1 - - [11/Jul/2016:21:24:18 +0000] "POST /login HTTP/1.1" 302 90
::1 - - [11/Jul/2016:21:24:18 +0000] "GET /loginSuccessAdmin HTTP/1.1" 304 -
::1 - - [11/Jul/2016:21:25:25 +0000] "GET /login HTTP/1.1" 200 1079
::1 - - [11/Jul/2016:21:25:28 +0000] "POST /login HTTP/1.1" 302 90
::1 - - [11/Jul/2016:21:25:28 +0000] "GET /loginSuccessAdmin HTTP/1.1" 304 -
::1 - - [11/Jul/2016:21:27:09 +0000] "GET /login HTTP/1.1" 200 1079
::1 - - [11/Jul/2016:21:27:16 +0000] "POST /login HTTP/1.1" 302 90
::1 - - [11/Jul/2016:21:27:16 +0000] "GET /loginSuccessUsers HTTP/1.1" 304 -
::1 - - [11/Jul/2016:21:27:23 +0000] "GET /logout HTTP/1.1" 500 2062
::1 - - [11/Jul/2016:21:28:33 +0000] "GET /login HTTP/1.1" 200 1079
::1 - - [11/Jul/2016:21:28:36 +0000] "POST /login HTTP/1.1" 302 90
::1 - - [11/Jul/2016:21:28:36 +0000] "GET /loginSuccessAdmin HTTP/1.1" 304 -
::1 - - [11/Jul/2016:21:28:38 +0000] "GET /logout HTTP/1.1" 500 2062
::1 - - [11/Jul/2016:21:29:23 +0000] "GET /login HTTP/1.1" 200 1079
::1 - - [11/Jul/2016:21:29:27 +0000] "POST /login HTTP/1.1" 302 90
::1 - - [11/Jul/2016:21:29:27 +0000] "GET /loginSuccessAdmin HTTP/1.1" 304 -
::1 - - [11/Jul/2016:21:29:28 +0000] "GET /logout HTTP/1.1" 500 2067
::1 - - [11/Jul/2016:21:29:53 +0000] "GET /login HTTP/1.1" 200 1079
::1 - - [11/Jul/2016:21:29:56 +0000] "POST /login HTTP/1.1" 302 90
::1 - - [11/Jul/2016:21:29:56 +0000] "GET /loginSuccessAdmin HTTP/1.1" 304 -
::1 - - [11/Jul/2016:21:29:59 +0000] "GET /logout HTTP/1.1" 500 2062
::1 - - [11/Jul/2016:21:30:36 +0000] "GET /logout HTTP/1.1" 500 2062
::1 - - [11/Jul/2016:21:38:12 +0000] "GET /login HTTP/1.1" 200 1079
::1 - - [11/Jul/2016:21:38:15 +0000] "POST /login HTTP/1.1" 302 90
::1 - - [11/Jul/2016:21:38:15 +0000] "GET /loginSuccessAdmin HTTP/1.1" 200 1629
::1 - - [11/Jul/2016:21:38:17 +0000] "GET /logout HTTP/1.1" 500 2062
::1 - - [11/Jul/2016:21:38:46 +0000] "GET /login HTTP/1.1" 200 1079
::1 - - [11/Jul/2016:21:38:51 +0000] "POST /login HTTP/1.1" 302 90
::1 - - [11/Jul/2016:21:38:51 +0000] "GET /loginSuccessAdmin HTTP/1.1" 200 1626
::1 - - [11/Jul/2016:21:38:54 +0000] "GET /log HTTP/1.1" 404 16
::1 - - [11/Jul/2016:21:39:18 +0000] "GET /login/ HTTP/1.1" 304 -
::1 - - [11/Jul/2016:21:39:18 +0000] "GET /login HTTP/1.1" 200 1079
::1 - - [11/Jul/2016:21:39:21 +0000] "GET /loginSuccessAdmin HTTP/1.1" 200 1629
::1 - - [11/Jul/2016:21:39:25 +0000] "GET /logout HTTP/1.1" 500 2062
::1 - - [11/Jul/2016:21:39:56 +0000] "GET /logout HTTP/1.1" 500 2062
::1 - - [11/Jul/2016:21:40:57 +0000] "GET /login HTTP/1.1" 304 -
::1 - - [11/Jul/2016:21:41:05 +0000] "POST /login HTTP/1.1" 302 90
::1 - - [11/Jul/2016:21:41:05 +0000] "GET /loginSuccessAdmin HTTP/1.1" 200 1628
::1 - - [11/Jul/2016:21:41:12 +0000] "GET /logout HTTP/1.1" 500 2062
::1 - - [11/Jul/2016:21:42:56 +0000] "GET /login HTTP/1.1" 200 1079
::1 - - [11/Jul/2016:21:43:01 +0000] "POST /login HTTP/1.1" 302 90
::1 - - [11/Jul/2016:21:43:01 +0000] "GET /loginSuccessAdmin HTTP/1.1" 200 1629
::1 - - [11/Jul/2016:21:43:07 +0000] "GET /login HTTP/1.1" 200 1079
::1 - - [11/Jul/2016:21:43:12 +0000] "GET /logout HTTP/1.1" 500 2062
::1 - - [11/Jul/2016:21:43:36 +0000] "POST /login HTTP/1.1" 302 90
::1 - - [11/Jul/2016:21:43:36 +0000] "GET /loginSuccessAdmin HTTP/1.1" 304 -
::1 - - [11/Jul/2016:21:43:42 +0000] "GET /logout HTTP/1.1" 500 2060
::1 - - [11/Jul/2016:21:45:11 +0000] "GET /login HTTP/1.1" 200 1079
::1 - - [11/Jul/2016:21:45:16 +0000] "POST /login HTTP/1.1" 302 90
::1 - - [11/Jul/2016:21:45:16 +0000] "GET /loginSuccessAdmin HTTP/1.1" 304 -
::1 - - [11/Jul/2016:21:45:20 +0000] "GET /logout HTTP/1.1" 500 2067
::1 - - [11/Jul/2016:21:48:11 +0000] "GET /login HTTP/1.1" 200 1079
::1 - - [11/Jul/2016:21:48:14 +0000] "POST /login HTTP/1.1" 302 90
::1 - - [11/Jul/2016:21:48:14 +0000] "GET /loginSuccessAdmin HTTP/1.1" 304 -
::1 - - [11/Jul/2016:21:48:20 +0000] "GET /logout HTTP/1.1" 500 2067
::1 - - [11/Jul/2016:21:48:42 +0000] "GET /login HTTP/1.1" 200 1079
::1 - - [11/Jul/2016:21:48:46 +0000] "POST /login HTTP/1.1" 302 90
::1 - - [11/Jul/2016:21:48:46 +0000] "GET /loginSuccessAdmin HTTP/1.1" 304 -
::1 - - [11/Jul/2016:21:48:50 +0000] "GET /login HTTP/1.1" 200 1079
::1 - - [11/Jul/2016:21:48:50 +0000] "GET /logout HTTP/1.1" 500 2062
::1 - - [11/Jul/2016:21:57:01 +0000] "GET /login HTTP/1.1" 304 -
::1 - - [11/Jul/2016:21:57:05 +0000] "POST /login HTTP/1.1" 302 90
::1 - - [11/Jul/2016:21:57:05 +0000] "GET /loginSuccessAdmin HTTP/1.1" 304 -
::1 - - [11/Jul/2016:21:57:08 +0000] "GET /login HTTP/1.1" 200 1079
::1 - - [11/Jul/2016:21:57:09 +0000] "GET /logout HTTP/1.1" 302 66
::1 - - [11/Jul/2016:21:57:09 +0000] "GET /login HTTP/1.1" 304 -
::1 - - [11/Jul/2016:21:57:19 +0000] "POST /login HTTP/1.1" 302 90
::1 - - [11/Jul/2016:21:57:19 +0000] "GET /loginSuccessAdmin HTTP/1.1" 304 -
::1 - - [11/Jul/2016:21:57:20 +0000] "GET /logout HTTP/1.1" 302 66
::1 - - [11/Jul/2016:21:57:20 +0000] "GET /login HTTP/1.1" 200 1079
::1 - - [11/Jul/2016:21:57:52 +0000] "POST /login HTTP/1.1" 302 90
::1 - - [11/Jul/2016:21:57:52 +0000] "GET /loginSuccessAdmin HTTP/1.1" 304 -
::1 - - [11/Jul/2016:21:57:59 +0000] "GET /logout HTTP/1.1" 302 66
::1 - - [11/Jul/2016:21:57:59 +0000] "GET /login HTTP/1.1" 200 1079
::1 - - [11/Jul/2016:21:58:10 +0000] "POST /login HTTP/1.1" 302 90
::1 - - [11/Jul/2016:21:58:10 +0000] "GET /loginSuccessAdmin HTTP/1.1" 304 -
::1 - - [11/Jul/2016:21:58:24 +0000] "GET /login HTTP/1.1" 200 1079
::1 - - [11/Jul/2016:21:58:28 +0000] "POST /login HTTP/1.1" 302 90
::1 - - [11/Jul/2016:21:58:28 +0000] "GET /loginSuccessUsers HTTP/1.1" 200 2586
::1 - - [11/Jul/2016:21:58:42 +0000] "GET /logout HTTP/1.1" 302 66
::1 - - [11/Jul/2016:21:58:42 +0000] "GET /login HTTP/1.1" 200 1079
::1 - - [11/Jul/2016:21:58:48 +0000] "GET /logout HTTP/1.1" 302 66
::1 - - [11/Jul/2016:21:58:48 +0000] "GET /login HTTP/1.1" 200 1079
::1 - - [11/Jul/2016:22:04:00 +0000] "GET /login HTTP/1.1" 304 -
::1 - - [11/Jul/2016:22:04:04 +0000] "POST /login HTTP/1.1" 302 90
::1 - - [11/Jul/2016:22:04:04 +0000] "GET /loginSuccessAdmin HTTP/1.1" 304 -
::1 - - [11/Jul/2016:22:04:08 +0000] "GET /login HTTP/1.1" 304 -
::1 - - [11/Jul/2016:22:04:12 +0000] "POST /login HTTP/1.1" 302 90
::1 - - [11/Jul/2016:22:04:12 +0000] "GET /loginSuccessAdmin HTTP/1.1" 200 1629
::1 - - [11/Jul/2016:22:04:15 +0000] "GET /logout HTTP/1.1" 302 66
::1 - - [11/Jul/2016:22:04:15 +0000] "GET /login HTTP/1.1" 200 1079
::1 - - [11/Jul/2016:22:04:20 +0000] "POST /login HTTP/1.1" 302 90
::1 - - [11/Jul/2016:22:04:20 +0000] "GET /loginSuccessUsers HTTP/1.1" 304 -
::1 - - [11/Jul/2016:22:04:32 +0000] "GET /loggedinUsers HTTP/1.1" 200 5
::1 - - [11/Jul/2016:22:04:52 +0000] "GET /logout HTTP/1.1" 302 66
::1 - - [11/Jul/2016:22:04:52 +0000] "GET /login HTTP/1.1" 200 1079
::1 - - [11/Jul/2016:22:04:56 +0000] "POST /login HTTP/1.1" 302 90
::1 - - [11/Jul/2016:22:04:56 +0000] "GET /loginSuccessAdmin HTTP/1.1" 200 1629
::1 - - [11/Jul/2016:22:05:02 +0000] "GET /loggedinUsers HTTP/1.1" 304 -
::1 - - [11/Jul/2016:22:05:46 +0000] "GET /login HTTP/1.1" 200 1079
::1 - - [11/Jul/2016:22:05:53 +0000] "GET /login HTTP/1.1" 200 1079
::1 - - [11/Jul/2016:22:06:11 +0000] "POST /login HTTP/1.1" 302 90
::1 - - [11/Jul/2016:22:06:11 +0000] "GET /loginSuccessAdmin HTTP/1.1" 304 -
::1 - - [11/Jul/2016:22:06:15 +0000] "POST /login HTTP/1.1" 302 90
::1 - - [11/Jul/2016:22:06:15 +0000] "GET /loginSuccessUsers HTTP/1.1" 200 2586
::1 - - [11/Jul/2016:22:06:33 +0000] "GET /login HTTP/1.1" 200 1079
::1 - - [11/Jul/2016:22:06:35 +0000] "GET /loggedinUsers HTTP/1.1" 200 179
::1 - - [11/Jul/2016:22:07:09 +0000] "GET /loginSuccessAdmin HTTP/1.1" 200 1616
::1 - - [11/Jul/2016:22:07:11 +0000] "GET /loggedinUsers HTTP/1.1" 304 -
::1 - - [11/Jul/2016:22:07:16 +0000] "GET /logout HTTP/1.1" 302 66
::1 - - [11/Jul/2016:22:07:16 +0000] "GET /login HTTP/1.1" 200 1079
::1 - - [11/Jul/2016:22:07:17 +0000] "GET /loggedinUsers HTTP/1.1" 200 92
::1 - - [11/Jul/2016:22:07:31 +0000] "POST /login HTTP/1.1" 302 90
::1 - - [11/Jul/2016:22:07:31 +0000] "GET /loginSuccessUsers HTTP/1.1" 200 2586
::1 - - [11/Jul/2016:22:07:32 +0000] "GET /loggedinUsers HTTP/1.1" 200 179
::1 - - [11/Jul/2016:22:36:26 +0000] "GET /login HTTP/1.1" 200 1079
::1 - - [11/Jul/2016:22:36:30 +0000] "POST /login HTTP/1.1" 500 1835
::1 - - [11/Jul/2016:22:42:13 +0000] "GET /login HTTP/1.1" 304 -
::1 - - [11/Jul/2016:22:42:18 +0000] "POST /login HTTP/1.1" 302 90
::1 - - [11/Jul/2016:22:42:18 +0000] "GET /loginSuccessAdmin HTTP/1.1" 304 -
::1 - - [11/Jul/2016:22:43:20 +0000] "GET /login HTTP/1.1" 200 1079
::1 - - [11/Jul/2016:22:43:21 +0000] "GET /login HTTP/1.1" 200 1079
::1 - - [11/Jul/2016:22:43:25 +0000] "POST /login HTTP/1.1" 302 90
::1 - - [11/Jul/2016:22:43:25 +0000] "GET /loginSuccessAdmin HTTP/1.1" 304 -
::1 - - [11/Jul/2016:22:44:29 +0000] "GET /login HTTP/1.1" 200 1079
::1 - - [11/Jul/2016:22:44:34 +0000] "POST /login HTTP/1.1" 302 90
::ffff:127.0.0.1 - - [11/Jul/2016:22:44:34 +0000] "GET /loginSuccessAdmin HTTP/1.1" 304 -
::1 - - [11/Jul/2016:22:45:12 +0000] "GET /login HTTP/1.1" 200 1079
::1 - - [11/Jul/2016:22:45:16 +0000] "POST /login HTTP/1.1" 302 90
::1 - - [11/Jul/2016:22:45:16 +0000] "GET /loginSuccessAdmin HTTP/1.1" 304 -
::1 - - [11/Jul/2016:22:46:10 +0000] "GET /login HTTP/1.1" 200 1079
::1 - - [11/Jul/2016:22:46:14 +0000] "POST /login HTTP/1.1" 302 90
::ffff:127.0.0.1 - - [11/Jul/2016:22:46:14 +0000] "GET /loginSuccessAdmin HTTP/1.1" 304 -
::1 - - [11/Jul/2016:22:46:54 +0000] "GET /login HTTP/1.1" 200 1079
::1 - - [11/Jul/2016:22:46:55 +0000] "GET /login HTTP/1.1" 304 -
::1 - - [11/Jul/2016:22:46:59 +0000] "POST /login HTTP/1.1" 302 90
::ffff:127.0.0.1 - - [11/Jul/2016:22:46:59 +0000] "GET /loginSuccessAdmin HTTP/1.1" 304 -
::ffff:127.0.0.1 - - [11/Jul/2016:22:47:15 +0000] "GET /logout HTTP/1.1" 302 66
::ffff:127.0.0.1 - - [11/Jul/2016:22:47:16 +0000] "GET /login HTTP/1.1" 200 1079
::ffff:127.0.0.1 - - [11/Jul/2016:22:47:27 +0000] "POST /login HTTP/1.1" 302 90
::ffff:127.0.0.1 - - [11/Jul/2016:22:47:27 +0000] "GET /loginSuccessUsers HTTP/1.1" 304 -
::ffff:127.0.0.1 - - [11/Jul/2016:22:47:31 +0000] "GET /logout HTTP/1.1" 302 66
::ffff:127.0.0.1 - - [11/Jul/2016:22:47:31 +0000] "GET /login HTTP/1.1" 200 1079
::1 - - [12/Jul/2016:08:27:33 +0000] "GET /login HTTP/1.1" 304 -
::1 - - [12/Jul/2016:08:27:34 +0000] "GET /favicon.ico HTTP/1.1" 404 24
::1 - - [12/Jul/2016:08:27:44 +0000] "POST /login HTTP/1.1" 302 90
::1 - - [12/Jul/2016:08:27:44 +0000] "GET /loginSuccessAdmin HTTP/1.1" 304 -
::1 - - [12/Jul/2016:08:27:51 +0000] "GET /logout HTTP/1.1" 302 66
::1 - - [12/Jul/2016:08:27:51 +0000] "GET /login HTTP/1.1" 200 1079
::1 - - [12/Jul/2016:08:28:42 +0000] "POST /login HTTP/1.1" 302 90
::1 - - [12/Jul/2016:08:28:42 +0000] "GET /loginSuccessAdmin HTTP/1.1" 304 -
::1 - - [12/Jul/2016:08:28:44 +0000] "GET /loggedinUsers HTTP/1.1" 200 168
::1 - - [12/Jul/2016:08:31:30 +0000] "GET /loggedinUsers HTTP/1.1" 304 -
::1 - - [12/Jul/2016:08:31:40 +0000] "GET /loggedinUsers HTTP/1.1" 304 -
::1 - - [12/Jul/2016:08:31:44 +0000] "GET /logout HTTP/1.1" 302 66
::1 - - [12/Jul/2016:08:31:44 +0000] "GET /login HTTP/1.1" 200 1079
::1 - - [12/Jul/2016:08:32:00 +0000] "POST /login HTTP/1.1" 302 90
::1 - - [12/Jul/2016:08:32:00 +0000] "GET /loginSuccessAdmin HTTP/1.1" 304 -
::1 - - [12/Jul/2016:08:32:02 +0000] "GET /loggedinUsers HTTP/1.1" 200 168
::1 - - [12/Jul/2016:08:32:35 +0000] "GET /loggedinUsers HTTP/1.1" 304 -
::1 - - [12/Jul/2016:08:34:21 +0000] "GET /usersDetails HTTP/1.1" 200 455
::1 - - [12/Jul/2016:08:34:30 +0000] "GET /logout HTTP/1.1" 500 2462
::1 - - [12/Jul/2016:08:34:45 +0000] "GET /login HTTP/1.1" 200 1079
::1 - - [12/Jul/2016:08:34:50 +0000] "POST /login HTTP/1.1" 302 90
::1 - - [12/Jul/2016:08:34:50 +0000] "GET /loginSuccessAdmin HTTP/1.1" 304 -
::1 - - [12/Jul/2016:08:34:51 +0000] "GET /logout HTTP/1.1" 302 66
::1 - - [12/Jul/2016:08:34:51 +0000] "GET /login HTTP/1.1" 200 1079
::1 - - [12/Jul/2016:08:34:57 +0000] "POST /login HTTP/1.1" 302 90
::1 - - [12/Jul/2016:08:34:57 +0000] "GET /loginSuccessUsers HTTP/1.1" 304 -
::1 - - [12/Jul/2016:08:35:00 +0000] "GET /logout HTTP/1.1" 302 66
::1 - - [12/Jul/2016:08:35:00 +0000] "GET /login HTTP/1.1" 200 1079
::1 - - [12/Jul/2016:08:35:15 +0000] "GET /usersDetails HTTP/1.1" 200 456
::1 - - [12/Jul/2016:08:35:28 +0000] "POST /login HTTP/1.1" 302 90
::1 - - [12/Jul/2016:08:35:28 +0000] "GET /loginSuccessUsers HTTP/1.1" 304 -
::1 - - [12/Jul/2016:08:35:32 +0000] "GET /logout HTTP/1.1" 302 66
::1 - - [12/Jul/2016:08:35:32 +0000] "GET /login HTTP/1.1" 200 1079
::1 - - [12/Jul/2016:08:35:38 +0000] "GET /usersDetails HTTP/1.1" 200 502
::1 - - [12/Jul/2016:08:41:16 +0000] "GET /usersDetails HTTP/1.1" 200 528
::1 - - [12/Jul/2016:08:43:45 +0000] "GET /login HTTP/1.1" 304 -
::1 - - [12/Jul/2016:08:43:53 +0000] "GET /loggedinUsers HTTP/1.1" 200 46
::1 - - [12/Jul/2016:08:45:26 +0000] "GET /login HTTP/1.1" 304 -
::1 - - [12/Jul/2016:08:45:36 +0000] "GET /logout HTTP/1.1" 500 2462
::1 - - [12/Jul/2016:08:45:43 +0000] "GET /logout HTTP/1.1" 500 2462
::1 - - [12/Jul/2016:08:45:55 +0000] "GET /login HTTP/1.1" 304 -
::1 - - [12/Jul/2016:08:46:00 +0000] "POST /login HTTP/1.1" 302 90
::1 - - [12/Jul/2016:08:46:00 +0000] "GET /loginSuccessAdmin HTTP/1.1" 304 -
::1 - - [12/Jul/2016:08:46:03 +0000] "GET /logout HTTP/1.1" 302 66
::1 - - [12/Jul/2016:08:46:03 +0000] "GET /login HTTP/1.1" 200 1079
::1 - - [12/Jul/2016:08:46:56 +0000] "GET /loggedinUs HTTP/1.1" 404 23
::ffff:127.0.0.1 - - [12/Jul/2016:08:48:37 +0000] "GET /usersDetails/ HTTP/1.1" 200 528
::ffff:127.0.0.1 - - [12/Jul/2016:08:48:37 +0000] "GET /loggedinUsers/ HTTP/1.1" 200 46
::ffff:127.0.0.1 - - [12/Jul/2016:08:48:37 +0000] "POST /usersDetails/ HTTP/1.1" 404 27
::ffff:127.0.0.1 - - [12/Jul/2016:08:48:37 +0000] "GET /loggedin/ HTTP/1.1" 404 22
::1 - - [12/Jul/2016:09:11:58 +0000] "GET /login HTTP/1.1" 304 -
::1 - - [12/Jul/2016:09:12:10 +0000] "POST /login HTTP/1.1" 302 90
::1 - - [12/Jul/2016:09:12:10 +0000] "GET /loginSuccessAdmin HTTP/1.1" 304 -
::1 - - [12/Jul/2016:09:12:16 +0000] "GET /loggedinUsers HTTP/1.1" 200 194
::1 - - [12/Jul/2016:09:12:21 +0000] "GET /loggedinUsers HTTP/1.1" 304 -
::1 - - [12/Jul/2016:09:12:44 +0000] "GET /login HTTP/1.1" 200 1079
::1 - - [12/Jul/2016:09:12:46 +0000] "GET /usersDetails HTTP/1.1" 200 527
::1 - - [12/Jul/2016:09:13:32 +0000] "GET /login HTTP/1.1" 304 -
::1 - - [12/Jul/2016:09:13:35 +0000] "POST /login HTTP/1.1" 302 90
::1 - - [12/Jul/2016:09:13:35 +0000] "GET /loginSuccessAdmin HTTP/1.1" 200 1636
::1 - - [12/Jul/2016:09:13:37 +0000] "GET /usersDetails HTTP/1.1" 200 527
::1 - - [12/Jul/2016:09:13:41 +0000] "GET /loggedinUsers HTTP/1.1" 200 194
::1 - - [12/Jul/2016:09:14:52 +0000] "GET /login HTTP/1.1" 200 1079
::1 - - [12/Jul/2016:09:14:56 +0000] "POST /login HTTP/1.1" 302 90
::1 - - [12/Jul/2016:09:14:56 +0000] "GET /loginSuccessAdmin HTTP/1.1" 200 1677
::1 - - [12/Jul/2016:09:14:58 +0000] "GET /loggedinUsers HTTP/1.1" 200 194
::1 - - [12/Jul/2016:09:15:00 +0000] "GET /usersDetails HTTP/1.1" 200 527
::1 - - [12/Jul/2016:09:15:17 +0000] "GET /loginSuccessAdmin HTTP/1.1" 200 1662
::1 - - [12/Jul/2016:09:15:29 +0000] "GET /login HTTP/1.1" 200 1079
::1 - - [12/Jul/2016:09:15:33 +0000] "POST /login HTTP/1.1" 302 90
::1 - - [12/Jul/2016:09:15:33 +0000] "GET /loginSuccessAdmin HTTP/1.1" 304 -
::1 - - [12/Jul/2016:09:15:37 +0000] "GET /usersDetails HTTP/1.1" 200 527
::1 - - [12/Jul/2016:09:15:39 +0000] "GET /loggedinUsers HTTP/1.1" 200 194
::1 - - [12/Jul/2016:09:15:42 +0000] "GET /loggedinUsers HTTP/1.1" 304 -
::1 - - [12/Jul/2016:09:18:00 +0000] "GET /login HTTP/1.1" 200 1079
::1 - - [12/Jul/2016:09:18:03 +0000] "POST /login HTTP/1.1" 302 90
::1 - - [12/Jul/2016:09:18:03 +0000] "GET /loginSuccessAdmin HTTP/1.1" 200 1812
::1 - - [12/Jul/2016:09:18:06 +0000] "GET /usersDetails HTTP/1.1" 200 527
::1 - - [12/Jul/2016:09:18:09 +0000] "GET /loggedinUsers HTTP/1.1" 200 194
::1 - - [12/Jul/2016:09:18:18 +0000] "GET /logout HTTP/1.1" 302 66
::1 - - [12/Jul/2016:09:18:18 +0000] "GET /login HTTP/1.1" 200 1079
